[     105ms] [INFO] %cDownload the React DevTools for a better development experience: https://react.dev/link/react-devtools font-weight:bold @ webpack-internal:///./node_modules/.pnpm/react-dom@19.2.7_react@19.2.7/node_modules/react-dom/cjs/react-dom-client.development.js:28002
[     211ms] [WARNING] [ToLove Save] 无法检查已有存档。 Error: 当前页面没有 Tavern Helper 事件接口，无法读取酒馆本地文件存档
    at TavernSaveTransport.request (webpack-internal:///./src/webgame-ui/save/client.ts:28:35)
    at TavernFileSaveClient.probe (webpack-internal:///./src/webgame-ui/save/client.ts:95:28)
    at Object.probe (webpack-internal:///./src/webgame-ui/save/index.ts:40:110)
    at checkSaves (webpack-internal:///./src/webgame-ui/App.tsx:179:71)
    at eval (webpack-internal:///./src/webgame-ui/App.tsx:198:14)
    at Object.react_stack_bottom_frame (webpack-internal:///./node_modules/.pnpm/react-dom@19.2.7_react@19.2.7/node_modules/react-dom/cjs/react-dom-client.development.js:25988:20)
    at runWithFiberInDEV (webpack-internal:///./node_modules/.pnpm/react-dom@19.2.7_react@19.2.7/node_modules/react-dom/cjs/react-dom-client.development.js:871:30)
    at commitHookEffectListMount (webpack-internal:///./node_modules/.pnpm/react-dom@19.2.7_react@19.2.7/node_modules/react-dom/cjs/react-dom-client.development.js:13248:29)
    at commitHookPassiveMountEffects (webpack-internal:///./node_modules/.pnpm/react-dom@19.2.7_react@19.2.7/node_modules/react-dom/cjs/react-dom-client.development.js:13335:11)
    at commitPassiveMountOnFiber (webpack-internal:///./node_modules/.pnpm/react-dom@19.2.7_react@19.2.7/node_modules/react-dom/cjs/react-dom-client.development.js:15483:13) @ webpack-internal:///./src/webgame-ui/App.tsx:186
[     211ms] [WARNING] [ToLove Save] 无法检查已有存档。 Error: 当前页面没有 Tavern Helper 事件接口，无法读取酒馆本地文件存档
    at TavernSaveTransport.request (webpack-internal:///./src/webgame-ui/save/client.ts:28:35)
    at TavernFileSaveClient.probe (webpack-internal:///./src/webgame-ui/save/client.ts:95:28)
    at Object.probe (webpack-internal:///./src/webgame-ui/save/index.ts:40:110)
    at checkSaves (webpack-internal:///./src/webgame-ui/App.tsx:179:71)
    at eval (webpack-internal:///./src/webgame-ui/App.tsx:198:14)
    at Object.react_stack_bottom_frame (webpack-internal:///./node_modules/.pnpm/react-dom@19.2.7_react@19.2.7/node_modules/react-dom/cjs/react-dom-client.development.js:25988:20)
    at runWithFiberInDEV (webpack-internal:///./node_modules/.pnpm/react-dom@19.2.7_react@19.2.7/node_modules/react-dom/cjs/react-dom-client.development.js:871:30)
    at commitHookEffectListMount (webpack-internal:///./node_modules/.pnpm/react-dom@19.2.7_react@19.2.7/node_modules/react-dom/cjs/react-dom-client.development.js:13248:29)
    at commitHookPassiveMountEffects (webpack-internal:///./node_modules/.pnpm/react-dom@19.2.7_react@19.2.7/node_modules/react-dom/cjs/react-dom-client.development.js:13335:11)
    at reconnectPassiveEffects (webpack-internal:///./node_modules/.pnpm/react-dom@19.2.7_react@19.2.7/node_modules/react-dom/cjs/react-dom-client.development.js:15831:11) @ webpack-internal:///./src/webgame-ui/App.tsx:186
[   34564ms] [ERROR] [ToLove Save] 自动存档失败。 Error: 当前页面没有 Tavern Helper 事件接口，无法读取酒馆本地文件存档
    at TavernSaveTransport.request (webpack-internal:///./src/webgame-ui/save/client.ts:28:35)
    at TavernFileSaveClient.write (webpack-internal:///./src/webgame-ui/save/client.ts:104:28)
    at eval (webpack-internal:///./src/webgame-ui/save/autosave.ts:91:88)
    at persist (webpack-internal:///./src/webgame-ui/save/autosave.ts:104:11)
    at eval (webpack-internal:///./src/webgame-ui/save/autosave.ts:126:39) @ webpack-internal:///./src/webgame-ui/App.tsx:167
